<?xml version="1.0" encoding="UTF-8"?>
<!-- Generated by org.testng.reporters.JUnitReportReporter -->
<testsuite skipped="0" hostname="Djafars-MacBook-Pro.local" name="amazonTestPackage.HomePageTest" tests="1" failures="0" timestamp="12 May 2019 20:18:43 GMT" time="23.363" errors="0">
  <testcase name="TestAmazonPage" time="23.363" classname="amazonTestPackage.HomePageTest"/>
</testsuite> <!-- amazonTestPackage.HomePageTest -->
